<?xml version="1.0" encoding="UTF-8"?>
<!-- Generated by org.testng.reporters.JUnitReportReporter -->
<testsuite hostname="PKLAPTOP" name="autotTest.task.openPractice$RegisterEmailEtsy" tests="1" failures="0" timestamp="4 Feb 2021 01:35:53 GMT" time="15.170" errors="0">
  <testcase name="lookItem" time="15.170" classname="autotTest.task.openPractice$RegisterEmailEtsy"/>
</testsuite> <!-- autotTest.task.openPractice$RegisterEmailEtsy -->
