<?xml version="1.0" encoding="UTF-8"?>
<!-- Generated by org.testng.reporters.JUnitReportReporter -->
<testsuite hostname="PKLAPTOP" name="autotTest.task.TestCaseTwo$RegisterEmailEtsy" tests="1" failures="0" timestamp="4 Feb 2021 02:14:33 GMT" time="10.699" errors="0">
  <testcase name="sendToFriend" time="10.699" classname="autotTest.task.TestCaseTwo$RegisterEmailEtsy"/>
</testsuite> <!-- autotTest.task.TestCaseTwo$RegisterEmailEtsy -->
