<?xml version="1.0" encoding="UTF-8"?>
<!-- Generated by org.testng.reporters.JUnitReportReporter -->
<testsuite hostname="PKLAPTOP" name="autotTest.task.Test1" tests="1" failures="0" timestamp="20 Feb 2021 23:24:03 GMT" time="6.873" errors="0">
  <testcase name="lookItem" time="6.873" classname="autotTest.task.Test1"/>
</testsuite> <!-- autotTest.task.Test1 -->
