<?xml version="1.0" encoding="UTF-8"?>
<!-- Generated by org.testng.reporters.JUnitReportReporter -->
<testsuite hostname="PKLAPTOP" name="autotTest.task.openPractice$RegisterEmailEtsy" tests="1" failures="0" timestamp="17 Apr 2021 03:56:46 GMT" time="14.285" errors="0">
  <testcase name="lookItem" time="14.285" classname="autotTest.task.openPractice$RegisterEmailEtsy"/>
</testsuite> <!-- autotTest.task.openPractice$RegisterEmailEtsy -->
