<?xml version="1.0" encoding="UTF-8"?>
<!-- Generated by org.testng.reporters.JUnitReportReporter -->
<testsuite hostname="PKLAPTOP" name="autotTest.task.openPractice$RegisterEmailEtsy" tests="1" failures="0" timestamp="17 Apr 2021 15:09:03 GMT" time="16.928" errors="0">
  <testcase name="lookItem" time="16.928" classname="autotTest.task.openPractice$RegisterEmailEtsy"/>
</testsuite> <!-- autotTest.task.openPractice$RegisterEmailEtsy -->
